[02:26:49] [Server thread/INFO] [nucleus]: 1234 执行指令: /c h
[02:27:04] [Server thread/INFO] [nucleus]: 1234 执行指令: /c help
[02:27:06] [Server thread/INFO] [nucleus]: 1234 执行指令: /clan help 2
[02:27:07] [Server thread/INFO] [nucleus]: 1234 执行指令: /clan help 3
[02:27:09] [Server thread/INFO] [nucleus]: 1234 执行指令: /clan help 4
[02:27:10] [Server thread/INFO] [nucleus]: 1234 执行指令: /clan help 5
[02:27:11] [Server thread/INFO] [nucleus]: 1234 执行指令: /clan help 6
[02:27:12] [Server thread/INFO] [nucleus]: 1234 执行指令: /clan help 7
[02:27:21] [Server thread/INFO] [nucleus]: 1234 执行指令: /c disband
[02:27:21] [Server thread/ERROR] [Sponge]: Error occurred while executing command 'c disband' for source EntityPlayerMP['1234'/1439, l='world', x=399.00, y=64.00, z=399.00]: java.lang.NoClassDefFoundError: the_fireplace/grandeconomy/api/GrandEconomyApi
java.lang.RuntimeException: java.lang.NoClassDefFoundError: the_fireplace/grandeconomy/api/GrandEconomyApi
	at org.spongepowered.common.command.MinecraftCommandWrapper.tryExecute(MinecraftCommandWrapper.java:165) ~[MinecraftCommandWrapper.class:1.12.2-2838-7.1.9]
	at org.spongepowered.common.command.MinecraftCommandWrapper.process(MinecraftCommandWrapper.java:146) ~[MinecraftCommandWrapper.class:1.12.2-2838-7.1.9]
	at org.spongepowered.common.command.SpongeCommandDispatcher.process(SpongeCommandDispatcher.java:355) ~[SpongeCommandDispatcher.class:1.12.2-2838-7.1.9]
	at org.spongepowered.common.command.SpongeCommandManager.process(SpongeCommandManager.java:338) [SpongeCommandManager.class:1.12.2-2838-7.1.9]
	at net.minecraft.command.ServerCommandManager.func_71556_a(SourceFile:665) [dh.class:?]
	at net.minecraft.network.NetHandlerPlayServer.func_147361_d(NetHandlerPlayServer.java:962) [pa.class:?]
	at net.minecraft.network.NetHandlerPlayServer.func_147354_a(NetHandlerPlayServer.java:941) [pa.class:?]
	at net.minecraft.network.play.client.CPacketChatMessage.func_148833_a(SourceFile:37) [la.class:?]
	at net.minecraft.network.play.client.CPacketChatMessage.func_148833_a(SourceFile:9) [la.class:?]
	at org.spongepowered.common.event.tracking.phase.packet.PacketPhaseUtil.onProcessPacket(PacketPhaseUtil.java:219) [PacketPhaseUtil.class:1.12.2-2838-7.1.9]
	at net.minecraft.network.PacketThreadUtil$1.redirect$zla000$impl$redirectToPhaseTracker(SourceFile:540) [hv$1.class:?]
	at net.minecraft.network.PacketThreadUtil$1.run(SourceFile:13) [hv$1.class:?]
	at java.util.concurrent.Executors$RunnableAdapter.call(Unknown Source) [?:1.8.0_161]
	at java.util.concurrent.FutureTask.run(Unknown Source) [?:1.8.0_161]
	at net.minecraft.util.Util.func_181617_a(SourceFile:46) [h.class:?]
	at org.spongepowered.common.SpongeImplHooks.onUtilRunTask(SpongeImplHooks.java:308) [SpongeImplHooks.class:1.12.2-2838-7.1.9]
	at net.minecraft.server.MinecraftServer.redirect$zje000$onRun(MinecraftServer.java:4713) [MinecraftServer.class:?]
	at net.minecraft.server.MinecraftServer.func_71190_q(MinecraftServer.java:723) [MinecraftServer.class:?]
	at net.minecraft.server.dedicated.DedicatedServer.func_71190_q(DedicatedServer.java:397) [nz.class:?]
	at net.minecraft.server.MinecraftServer.func_71217_p(MinecraftServer.java:668) [MinecraftServer.class:?]
	at net.minecraft.server.MinecraftServer.run(MinecraftServer.java:526) [MinecraftServer.class:?]
	at java.lang.Thread.run(Unknown Source) [?:1.8.0_161]
Caused by: java.lang.NoClassDefFoundError: the_fireplace/grandeconomy/api/GrandEconomyApi
	at the_fireplace.clans.model.Clan.getFilteredFormula(Clan.java:704) ~[Clan.class:?]
	at the_fireplace.clans.model.Clan.getDisbandCost(Clan.java:686) ~[Clan.class:?]
	at the_fireplace.clans.commands.details.CommandDisband.run(CommandDisband.java:41) ~[CommandDisband.class:?]
	at the_fireplace.clans.commands.ClanSubCommand.func_184881_a(ClanSubCommand.java:105) ~[ClanSubCommand.class:?]
	at the_fireplace.clans.commands.CommandClan.func_184881_a(CommandClan.java:207) ~[CommandClan.class:?]
	at net.minecraft.command.CommandHandler.func_175786_a(CommandHandler.java:119) ~[bj.class:?]
	at net.minecraft.command.CommandHandler.accessor$tryExecuteCommand(CommandHandler.java) ~[bj.class:?]
	at org.spongepowered.common.command.MinecraftCommandWrapper.tryExecute(MinecraftCommandWrapper.java:161) ~[MinecraftCommandWrapper.class:1.12.2-2838-7.1.9]
	... 21 more
Caused by: java.lang.ClassNotFoundException: the_fireplace.grandeconomy.api.GrandEconomyApi
	at net.minecraft.launchwrapper.LaunchClassLoader.findClass(LaunchClassLoader.java:191) ~[launchwrapper-1.12.jar:?]
	at java.lang.ClassLoader.loadClass(Unknown Source) ~[?:1.8.0_161]
	at java.lang.ClassLoader.loadClass(Unknown Source) ~[?:1.8.0_161]
	at the_fireplace.clans.model.Clan.getFilteredFormula(Clan.java:704) ~[Clan.class:?]
	at the_fireplace.clans.model.Clan.getDisbandCost(Clan.java:686) ~[Clan.class:?]
	at the_fireplace.clans.commands.details.CommandDisband.run(CommandDisband.java:41) ~[CommandDisband.class:?]
	at the_fireplace.clans.commands.ClanSubCommand.func_184881_a(ClanSubCommand.java:105) ~[ClanSubCommand.class:?]
	at the_fireplace.clans.commands.CommandClan.func_184881_a(CommandClan.java:207) ~[CommandClan.class:?]
	at net.minecraft.command.CommandHandler.func_175786_a(CommandHandler.java:119) ~[bj.class:?]
	at net.minecraft.command.CommandHandler.accessor$tryExecuteCommand(CommandHandler.java) ~[bj.class:?]
	at org.spongepowered.common.command.MinecraftCommandWrapper.tryExecute(MinecraftCommandWrapper.java:161) ~[MinecraftCommandWrapper.class:1.12.2-2838-7.1.9]
	... 21 more
Caused by: java.lang.NullPointerException
[02:27:28] [Server thread/INFO] [net.minecraft.server.dedicated.DedicatedServer]: <1234>[星空之际]<全民公敌> <1234>: 1
[02:27:32] [Server thread/INFO] [net.minecraft.server.dedicated.DedicatedServer]: <1234>[星空之际]<全民公敌> <1234>: 1
[02:27:34] [Server thread/INFO] [nucleus]: 1234 执行指令: /c disband
[02:27:34] [Server thread/ERROR] [Sponge]: Error occurred while executing command 'c disband' for source EntityPlayerMP['1234'/1439, l='world', x=399.00, y=64.00, z=399.00]: java.lang.NoClassDefFoundError: the_fireplace/grandeconomy/api/GrandEconomyApi
java.lang.RuntimeException: java.lang.NoClassDefFoundError: the_fireplace/grandeconomy/api/GrandEconomyApi
	at org.spongepowered.common.command.MinecraftCommandWrapper.tryExecute(MinecraftCommandWrapper.java:165) ~[MinecraftCommandWrapper.class:1.12.2-2838-7.1.9]
	at org.spongepowered.common.command.MinecraftCommandWrapper.process(MinecraftCommandWrapper.java:146) ~[MinecraftCommandWrapper.class:1.12.2-2838-7.1.9]
	at org.spongepowered.common.command.SpongeCommandDispatcher.process(SpongeCommandDispatcher.java:355) ~[SpongeCommandDispatcher.class:1.12.2-2838-7.1.9]
	at org.spongepowered.common.command.SpongeCommandManager.process(SpongeCommandManager.java:338) [SpongeCommandManager.class:1.12.2-2838-7.1.9]
	at net.minecraft.command.ServerCommandManager.func_71556_a(SourceFile:665) [dh.class:?]
	at net.minecraft.network.NetHandlerPlayServer.func_147361_d(NetHandlerPlayServer.java:962) [pa.class:?]
	at net.minecraft.network.NetHandlerPlayServer.func_147354_a(NetHandlerPlayServer.java:941) [pa.class:?]
	at net.minecraft.network.play.client.CPacketChatMessage.func_148833_a(SourceFile:37) [la.class:?]
	at net.minecraft.network.play.client.CPacketChatMessage.func_148833_a(SourceFile:9) [la.class:?]
	at org.spongepowered.common.event.tracking.phase.packet.PacketPhaseUtil.onProcessPacket(PacketPhaseUtil.java:219) [PacketPhaseUtil.class:1.12.2-2838-7.1.9]
	at net.minecraft.network.PacketThreadUtil$1.redirect$zla000$impl$redirectToPhaseTracker(SourceFile:540) [hv$1.class:?]
	at net.minecraft.network.PacketThreadUtil$1.run(SourceFile:13) [hv$1.class:?]
	at java.util.concurrent.Executors$RunnableAdapter.call(Unknown Source) [?:1.8.0_161]
	at java.util.concurrent.FutureTask.run(Unknown Source) [?:1.8.0_161]
	at net.minecraft.util.Util.func_181617_a(SourceFile:46) [h.class:?]
	at org.spongepowered.common.SpongeImplHooks.onUtilRunTask(SpongeImplHooks.java:308) [SpongeImplHooks.class:1.12.2-2838-7.1.9]
	at net.minecraft.server.MinecraftServer.redirect$zje000$onRun(MinecraftServer.java:4713) [MinecraftServer.class:?]
	at net.minecraft.server.MinecraftServer.func_71190_q(MinecraftServer.java:723) [MinecraftServer.class:?]
	at net.minecraft.server.dedicated.DedicatedServer.func_71190_q(DedicatedServer.java:397) [nz.class:?]
	at net.minecraft.server.MinecraftServer.func_71217_p(MinecraftServer.java:668) [MinecraftServer.class:?]
	at net.minecraft.server.MinecraftServer.run(MinecraftServer.java:526) [MinecraftServer.class:?]
	at java.lang.Thread.run(Unknown Source) [?:1.8.0_161]
Caused by: java.lang.NoClassDefFoundError: the_fireplace/grandeconomy/api/GrandEconomyApi
	at the_fireplace.clans.model.Clan.getFilteredFormula(Clan.java:704) ~[Clan.class:?]
	at the_fireplace.clans.model.Clan.getDisbandCost(Clan.java:686) ~[Clan.class:?]
	at the_fireplace.clans.commands.details.CommandDisband.run(CommandDisband.java:41) ~[CommandDisband.class:?]
	at the_fireplace.clans.commands.ClanSubCommand.func_184881_a(ClanSubCommand.java:105) ~[ClanSubCommand.class:?]
	at the_fireplace.clans.commands.CommandClan.func_184881_a(CommandClan.java:207) ~[CommandClan.class:?]
	at net.minecraft.command.CommandHandler.func_175786_a(CommandHandler.java:119) ~[bj.class:?]
	at net.minecraft.command.CommandHandler.accessor$tryExecuteCommand(CommandHandler.java) ~[bj.class:?]
	at org.spongepowered.common.command.MinecraftCommandWrapper.tryExecute(MinecraftCommandWrapper.java:161) ~[MinecraftCommandWrapper.class:1.12.2-2838-7.1.9]
	... 21 more
[02:28:54] [Server thread/INFO] [nucleus]: 1234 执行指令: /c disband 1234
